info it worked if it ends with ok
verbose cli [ 'node', '/usr/local/bin/npm', 'install', 'lessc' ]
info using npm@1.1.21
info using node@v0.6.17
verbose config file /Users/bob/.npmrc
verbose config file /usr/local/etc/npmrc
verbose config file /usr/local/lib/node_modules/npm/npmrc
verbose cache add [ 'lessc', null ]
silly cache add: name, spec, args [ undefined, 'lessc', [ 'lessc', null ] ]
verbose parsed url { pathname: 'lessc', path: 'lessc', href: 'lessc' }
verbose addNamed [ 'lessc', '' ]
verbose addNamed [ null, '' ]
silly name, range, hasData [ 'lessc', '', false ]
verbose raw, before any munging lessc
verbose url resolving [ 'https://registry.npmjs.org/', './lessc' ]
verbose url resolved https://registry.npmjs.org/lessc
http GET https://registry.npmjs.org/lessc
http 404 https://registry.npmjs.org/lessc
silly get cb [ 404,
silly get cb   { server: 'CouchDB/1.3.0 (Erlang OTP/R15B03)',
silly get cb     date: 'Mon, 22 Apr 2013 02:59:22 GMT',
silly get cb     'content-type': 'application/json',
silly get cb     'content-length': '52',
silly get cb     'cache-control': 'must-revalidate' } ]
ERR! 404 'lessc' is not in the npm registry.
ERR! 404 You should bug the author to publish it
ERR! 404 Note that you can also install from a
ERR! 404 tarball, folder, or http url, or git url.
ERR! 
ERR! System Darwin 12.3.0
ERR! command "node" "/usr/local/bin/npm" "install" "lessc"
ERR! cwd /Users/bob/personal_repos/wrapbootstrap-themes/Gappro
ERR! node -v v0.6.17
ERR! npm -v 1.1.21
ERR! code E404
ERR! message 404 Not Found: lessc
ERR! errno {}
verbose exit [ 1, true ]
